#
# There is insufficient memory for the Java Runtime Environment to continue.
# Native memory allocation (malloc) failed to allocate 1701536 bytes for Chunk::new
# Possible reasons:
#   The system is out of physical RAM or swap space
#   In 32 bit mode, the process size limit was hit
# Possible solutions:
#   Reduce memory load on the system
#   Increase physical memory or swap space
#   Check if swap backing store is full
#   Use 64 bit Java on a 64 bit OS
#   Decrease Java heap size (-Xmx/-Xms)
#   Decrease number of Java threads
#   Decrease Java thread stack sizes (-Xss)
#   Set larger code cache with -XX:ReservedCodeCacheSize=
# This output file may be truncated or incomplete.
#
#  Out of Memory Error (allocation.cpp:390), pid=9628, tid=9460
#
# JRE version: Java(TM) SE Runtime Environment (8.0_77-b03) (build 1.8.0_77-b03)
# Java VM: Java HotSpot(TM) 64-Bit Server VM (25.77-b03 mixed mode windows-amd64 compressed oops)
# Failed to write core dump. Minidumps are not enabled by default on client versions of Windows
#

---------------  T H R E A D  ---------------

Current thread (0x000000001f1e2800):  JavaThread "C2 CompilerThread1" daemon [_thread_in_native, id=9460, stack(0x000000001faf0000,0x000000001fbf0000)]

Stack: [0x000000001faf0000,0x000000001fbf0000]
[error occurred during error reporting (printing stack bounds), id 0xc0000005]

Native frames: (J=compiled Java code, j=interpreted, Vv=VM code, C=native code)


Current CompileTask:
C2:   1962 1513       4       org.springframework.core.ResolvableType::as (81 bytes)


---------------  P R O C E S S  ---------------

Java Threads: ( => current thread )
  0x000000001f2a9000 JavaThread "Service Thread" daemon [_thread_blocked, id=12152, stack(0x000000001fdf0000,0x000000001fef0000)]
  0x000000001f204800 JavaThread "C1 CompilerThread3" daemon [_thread_blocked, id=11888, stack(0x000000001fcf0000,0x000000001fdf0000)]
  0x000000001f1e3800 JavaThread "C2 CompilerThread2" daemon [_thread_blocked, id=12728, stack(0x000000001fbf0000,0x000000001fcf0000)]
=>0x000000001f1e2800 JavaThread "C2 CompilerThread1" daemon [_thread_in_native, id=9460, stack(0x000000001faf0000,0x000000001fbf0000)]
  0x000000001f1df000 JavaThread "C2 CompilerThread0" daemon [_thread_in_native, id=12616, stack(0x000000001f9f0000,0x000000001faf0000)]
  0x000000001f036000 JavaThread "JDWP Command Reader" daemon [_thread_in_native, id=12372, stack(0x000000001f8f0000,0x000000001f9f0000)]
  0x000000001f035000 JavaThread "JDWP Event Helper Thread" daemon [_thread_in_native, id=15252, stack(0x000000001f7f0000,0x000000001f8f0000)]
  0x000000001f02a000 JavaThread "JDWP Transport Listener: dt_socket" daemon [_thread_blocked, id=14816, stack(0x000000001f6f0000,0x000000001f7f0000)]
  0x000000001f01d800 JavaThread "Attach Listener" daemon [_thread_blocked, id=12192, stack(0x000000001f5f0000,0x000000001f6f0000)]
  0x000000001efcc800 JavaThread "Signal Dispatcher" daemon [_thread_blocked, id=14144, stack(0x000000001f4f0000,0x000000001f5f0000)]
  0x000000001efb0800 JavaThread "Finalizer" daemon [_thread_blocked, id=12576, stack(0x000000001f390000,0x000000001f490000)]
  0x0000000003639000 JavaThread "Reference Handler" daemon [_thread_blocked, id=1180, stack(0x000000001ee90000,0x000000001ef90000)]
  0x0000000003543800 JavaThread "main" [_thread_in_Java, id=13656, stack(0x00000000032d0000,0x00000000033d0000)]

Other Threads:
  0x000000001d089800 VMThread [stack: 0x000000001ed90000,0x000000001ee90000] [id=10280]
  0x000000001f323800 WatcherThread [stack: 0x000000001fef0000,0x000000001fff0000] [id=9996]

VM state:not at safepoint (normal execution)

VM Mutex/Monitor currently owned by a thread: None

Heap:
 PSYoungGen      total 76288K, used 25298K [0x000000076b200000, 0x0000000770700000, 0x00000007c0000000)
  eden space 65536K, 26% used [0x000000076b200000,0x000000076c2f79f0,0x000000076f200000)
  from space 10752K, 73% used [0x000000076f200000,0x000000076f9bd098,0x000000076fc80000)
  to   space 10752K, 0% used [0x000000076fc80000,0x000000076fc80000,0x0000000770700000)
 ParOldGen       total 175104K, used 88K [0x00000006c1600000, 0x00000006cc100000, 0x000000076b200000)
  object space 175104K, 0% used [0x00000006c1600000,0x00000006c1616010,0x00000006cc100000)
 Metaspace       used 17144K, capacity 17498K, committed 17792K, reserved 1064960K
  class space    used 2001K, capacity 2109K, committed 2176K, reserved 1048576K

Card table byte_map: [0x0000000012a00000,0x0000000013200000] byte_map_base: 0x000000000f3f5000

Marking Bits: (ParMarkBitMap*) 0x0000000072000600
 Begin Bits: [0x0000000013f50000, 0x0000000017ef8000)
 End Bits:   [0x0000000017ef8000, 0x000000001bea0000)

Polling page: 0x0000000002ec0000

CodeCache: size=245760Kb used=6015Kb max_used=6020Kb free=239744Kb
 bounds [0x0000000003640000, 0x0000000003c30000, 0x0000000012640000]
 total_blobs=1922 nmethods=1549 adapters=293
 compilation: enabled

Compilation events (10 events):
Event: 1.936 Thread 0x000000001f204800 nmethod 1548 0x0000000003c1d090 code [0x0000000003c1d1e0, 0x0000000003c1d2d0]
Event: 1.936 Thread 0x000000001f204800 1549       1       sun.misc.PerfCounter::getFindClasses (4 bytes)
Event: 1.936 Thread 0x000000001f204800 nmethod 1549 0x0000000003c1d350 code [0x0000000003c1d4a0, 0x0000000003c1d590]
Event: 1.940 Thread 0x000000001f1e3800 nmethod 1544 0x0000000003c21190 code [0x0000000003c21360, 0x0000000003c22280]
Event: 1.940 Thread 0x000000001f1e3800 1545       4       java.lang.String::equalsIgnoreCase (48 bytes)
Event: 1.941 Thread 0x000000001f1e3800 nmethod 1545 0x0000000003c1e090 code [0x0000000003c1e1e0, 0x0000000003c1e328]
Event: 1.960 Thread 0x000000001f204800 1550       3       java.lang.String::trim (77 bytes)
Event: 1.960 Thread 0x000000001f204800 nmethod 1550 0x0000000003c209d0 code [0x0000000003c20b60, 0x0000000003c21028]
Event: 1.960 Thread 0x000000001f204800 1551       3       java.lang.Integer::getChars (131 bytes)
Event: 1.960 Thread 0x000000001f204800 nmethod 1551 0x0000000003c1ff10 code [0x0000000003c200a0, 0x0000000003c20530]

GC Heap History (2 events):
Event: 1.755 GC heap before
{Heap before GC invocations=1 (full 0):
 PSYoungGen      total 76288K, used 65536K [0x000000076b200000, 0x0000000770700000, 0x00000007c0000000)
  eden space 65536K, 100% used [0x000000076b200000,0x000000076f200000,0x000000076f200000)
  from space 10752K, 0% used [0x000000076fc80000,0x000000076fc80000,0x0000000770700000)
  to   space 10752K, 0% used [0x000000076f200000,0x000000076f200000,0x000000076fc80000)
 ParOldGen       total 175104K, used 0K [0x00000006c1600000, 0x00000006cc100000, 0x000000076b200000)
  object space 175104K, 0% used [0x00000006c1600000,0x00000006c1600000,0x00000006cc100000)
 Metaspace       used 14608K, capacity 14950K, committed 15232K, reserved 1062912K
  class space    used 1709K, capacity 1819K, committed 1920K, reserved 1048576K
Event: 1.764 GC heap after
Heap after GC invocations=1 (full 0):
 PSYoungGen      total 76288K, used 7924K [0x000000076b200000, 0x0000000770700000, 0x00000007c0000000)
  eden space 65536K, 0% used [0x000000076b200000,0x000000076b200000,0x000000076f200000)
  from space 10752K, 73% used [0x000000076f200000,0x000000076f9bd098,0x000000076fc80000)
  to   space 10752K, 0% used [0x000000076fc80000,0x000000076fc80000,0x0000000770700000)
 ParOldGen       total 175104K, used 88K [0x00000006c1600000, 0x00000006cc100000, 0x000000076b200000)
  object space 175104K, 0% used [0x00000006c1600000,0x00000006c1616010,0x00000006cc100000)
 Metaspace       used 14608K, capacity 14950K, committed 15232K, reserved 1062912K
  class space    used 1709K, capacity 1819K, committed 1920K, reserved 1048576K
}

Deoptimization events (8 events):
Event: 0.445 Thread 0x0000000003543800 Uncommon trap: reason=unstable_if action=reinterpret pc=0x00000000037f0bac method=java.lang.String.indexOf([CII[CIII)I @ 3
Event: 0.619 Thread 0x0000000003543800 Uncommon trap: reason=null_check action=make_not_entrant pc=0x0000000003834fbc method=java.lang.String.equals(Ljava/lang/Object;)Z @ 8
Event: 0.704 Thread 0x0000000003543800 Uncommon trap: reason=unstable_if action=reinterpret pc=0x0000000003745a00 method=java.lang.CharacterData.of(I)Ljava/lang/CharacterData; @ 4
Event: 1.202 Thread 0x0000000003543800 Uncommon trap: reason=unstable_if action=reinterpret pc=0x00000000038b8acc method=java.io.WinNTFileSystem.normalize(Ljava/lang/String;)Ljava/lang/String; @ 128
Event: 1.329 Thread 0x0000000003543800 Uncommon trap: reason=unstable_if action=reinterpret pc=0x00000000039da92c method=com.sun.org.apache.xerces.internal.impl.XMLEntityScanner.skipString(Ljava/lang/String;)Z @ 59
Event: 1.584 Thread 0x0000000003543800 Uncommon trap: reason=range_check action=make_not_entrant pc=0x00000000038d3cd0 method=sun.reflect.generics.parser.SignatureParser.current()C @ 34
Event: 1.765 Thread 0x0000000003543800 Uncommon trap: reason=unstable_if action=reinterpret pc=0x0000000003b5b7fc method=java.lang.reflect.Method.equals(Ljava/lang/Object;)Z @ 1
Event: 1.846 Thread 0x0000000003543800 Uncommon trap: reason=unstable_if action=reinterpret pc=0x0000000003bb5500 method=java.lang.reflect.Method.equals(Ljava/lang/Object;)Z @ 49

Internal exceptions (10 events):
Event: 1.876 Thread 0x0000000003543800 Exception <a 'java/lang/ClassNotFoundException': com/alibaba/druid/pool/ManagedDataSourceCustomizer> (0x000000076bcaea18) thrown at [D:\re\workspace\8-2-build-windows-amd64-cygwin\jdk8u77\6540\hotspot\src\share\vm\classfile\systemDictionary.cpp, line 210]
Event: 1.877 Thread 0x0000000003543800 Exception <a 'java/lang/ClassNotFoundException': javax/naming/ReferenceableCustomizer> (0x000000076bcba528) thrown at [D:\re\workspace\8-2-build-windows-amd64-cygwin\jdk8u77\6540\hotspot\src\share\vm\classfile\systemDictionary.cpp, line 210]
Event: 1.877 Thread 0x0000000003543800 Exception <a 'java/lang/ClassNotFoundException': java/io/CloseableCustomizer> (0x000000076bcc1010) thrown at [D:\re\workspace\8-2-build-windows-amd64-cygwin\jdk8u77\6540\hotspot\src\share\vm\classfile\systemDictionary.cpp, line 210]
Event: 1.878 Thread 0x0000000003543800 Exception <a 'java/lang/ClassNotFoundException': java/lang/CloneableCustomizer> (0x000000076bcc7388) thrown at [D:\re\workspace\8-2-build-windows-amd64-cygwin\jdk8u77\6540\hotspot\src\share\vm\classfile\systemDictionary.cpp, line 210]
Event: 1.878 Thread 0x0000000003543800 Exception <a 'java/lang/ClassNotFoundException': javax/sql/ConnectionPoolDataSourceCustomizer> (0x000000076bcce0a0) thrown at [D:\re\workspace\8-2-build-windows-amd64-cygwin\jdk8u77\6540\hotspot\src\share\vm\classfile\systemDictionary.cpp, line 210]
Event: 1.878 Thread 0x0000000003543800 Exception <a 'java/lang/ClassNotFoundException': com/alibaba/druid/pool/DruidAbstractDataSourceMBeanCustomizer> (0x000000076bcdf510) thrown at [D:\re\workspace\8-2-build-windows-amd64-cygwin\jdk8u77\6540\hotspot\src\share\vm\classfile\systemDictionary.cpp,ÑiÅIþ?
Event: 1.879 Thread 0x0000000003543800 Exception <a 'java/lang/ClassNotFoundException': javax/sql/DataSourceCustomizer> (0x000000076bd32d30) thrown at [D:\re\workspace\8-2-build-windows-amd64-cygwin\jdk8u77\6540\hotspot\src\share\vm\classfile\systemDictionary.cpp, line 210]
Event: 1.880 Thread 0x0000000003543800 Exception <a 'java/lang/ClassNotFoundException': com/alibaba/druid/proxy/jdbc/DataSourceProxyCustomizer> (0x000000076bd42d58) thrown at [D:\re\workspace\8-2-build-windows-amd64-cygwin\jdk8u77\6540\hotspot\src\share\vm\classfile\systemDictionary.cpp, line 2jN§Ùþ?
Event: 1.880 Thread 0x0000000003543800 Exception <a 'java/lang/ClassNotFoundException': java/io/SerializableCustomizer> (0x000000076bd53258) thrown at [D:\re\workspace\8-2-build-windows-amd64-cygwin\jdk8u77\6540\hotspot\src\share\vm\classfile\systemDictionary.cpp, line 210]
Event: 1.881 Thread 0x0000000003543800 Exception <a 'java/lang/ClassNotFoundException': java/sql/WrapperCustomizer> (0x000000076bd587c0) thrown at [D:\re\workspace\8-2-build-windows-amd64-cygwin\jdk8u77\6540\hotspot\src\share\vm\classfile\systemDictionary.cpp, line 210]

Events (10 events):
Event: 1.959 loading class com/sun/jmx/mbeanserver/DefaultMXBeanMappingFactory$NonNullMXBeanMapping done
Event: 1.959 loading class com/sun/jmx/mbeanserver/DefaultMXBeanMappingFactory$IdentityMapping done
Event: 1.959 loading class javax/management/openmbean/ArrayType
Event: 1.960 loading class javax/management/openmbean/ArrayType done
Event: 1.960 loading class com/sun/jmx/mbeanserver/MBeanAnalyzer$AttrMethods
Event: 1.960 loading class com/sun/jmx/mbeanserver/MBeanAnalyzer$AttrMethods done
Event: 1.960 loading class com/sun/jmx/mbeanserver/MBeanIntrospector$MBeanInfoMaker
Event: 1.960 loading class com/sun/jmx/mbeanserver/MBeanAnalyzer$MBeanVisitor
Event: 1.960 loading class com/sun/jmx/mbeanserver/MBeanAnalyzer$MBeanVisitor done
Event: 1.960 loading class com/sun/jmx/mbeanserver/MBeanIntrospector$MBeanInfoMaker done


Dynamic libraries:
0x00007ff7f8160000 - 0x00007ff7f8197000 	D:\Java\jdk1.8.0_77\bin\java.exe
0x00007ff8812f0000 - 0x00007ff8814d1000 	C:\WINDOWS\SYSTEM32\ntdll.dll
0x00007ff87f7f0000 - 0x00007ff87f8a2000 	C:\WINDOWS\System32\KERNEL32.DLL
0x00007ff87e020000 - 0x00007ff87e293000 	C:\WINDOWS\System32\KERNELBASE.dll
0x00007ff87fa40000 - 0x00007ff87fae1000 	C:\WINDOWS\System32\ADVAPI32.dll
0x00007ff87ef90000 - 0x00007ff87f02e000 	C:\WINDOWS\System32\msvcrt.dll
0x00007ff880f30000 - 0x00007ff880f8b000 	C:\WINDOWS\System32\sechost.dll
0x00007ff87e9c0000 - 0x00007ff87eae4000 	C:\WINDOWS\System32\RPCRT4.dll
0x00007ff87f5e0000 - 0x00007ff87f770000 	C:\WINDOWS\System32\USER32.dll
0x00007ff87e5c0000 - 0x00007ff87e5e0000 	C:\WINDOWS\System32\win32u.dll
0x00007ff87ef60000 - 0x00007ff87ef88000 	C:\WINDOWS\System32\GDI32.dll
0x00007ff87e5e0000 - 0x00007ff87e772000 	C:\WINDOWS\System32\gdi32full.dll
0x00007ff87df80000 - 0x00007ff87e01f000 	C:\WINDOWS\System32\msvcp_win.dll
0x00007ff87d720000 - 0x00007ff87d81a000 	C:\WINDOWS\System32\ucrtbase.dll
0x00007ff8734a0000 - 0x00007ff873709000 	C:\WINDOWS\WinSxS\amd64_microsoft.windows.common-controls_6595b64144ccf1df_6.0.17134.48_none_b4b2216a3cb4dd3e\COMCTL32.dll
0x00007ff87eba0000 - 0x00007ff87eec3000 	C:\WINDOWS\System32\combase.dll
0x00007ff87e490000 - 0x00007ff87e50a000 	C:\WINDOWS\System32\bcryptPrimitives.dll
0x00007ff87e990000 - 0x00007ff87e9bd000 	C:\WINDOWS\System32\IMM32.DLL
0x0000000072080000 - 0x0000000072152000 	D:\Java\jdk1.8.0_77\jre\bin\msvcr100.dll
0x00000000717f0000 - 0x0000000072080000 	D:\Java\jdk1.8.0_77\jre\bin\server\jvm.dll
0x00007ff87e920000 - 0x00007ff87e928000 	C:\WINDOWS\System32\PSAPI.DLL
0x00007ff8781c0000 - 0x00007ff8781c9000 	C:\WINDOWS\SYSTEM32\WSOCK32.dll
0x00007ff87eef0000 - 0x00007ff87ef5c000 	C:\WINDOWS\System32\WS2_32.dll
0x00007ff87a140000 - 0x00007ff87a163000 	C:\WINDOWS\SYSTEM32\WINMM.dll
0x00007ff87a100000 - 0x00007ff87a12a000 	C:\WINDOWS\SYSTEM32\winmmbase.dll
0x00007ff87df30000 - 0x00007ff87df79000 	C:\WINDOWS\System32\cfgmgr32.dll
0x00007ff877ca0000 - 0x00007ff877caa000 	C:\WINDOWS\SYSTEM32\VERSION.dll
0x00000000717e0000 - 0x00000000717ef000 	D:\Java\jdk1.8.0_77\jre\bin\verify.dll
0x00000000717b0000 - 0x00000000717d9000 	D:\Java\jdk1.8.0_77\jre\bin\java.dll
0x0000000071630000 - 0x0000000071665000 	D:\Java\jdk1.8.0_77\jre\bin\jdwp.dll
0x00000000715e0000 - 0x00000000715e8000 	D:\Java\jdk1.8.0_77\jre\bin\npt.dll
0x00000000715b0000 - 0x00000000715d3000 	D:\Java\jdk1.8.0_77\jre\bin\instrument.dll
0x0000000071790000 - 0x00000000717a6000 	D:\Java\jdk1.8.0_77\jre\bin\zip.dll
0x00007ff87faf0000 - 0x00007ff880f30000 	C:\WINDOWS\System32\SHELL32.dll
0x00007ff87eaf0000 - 0x00007ff87eb99000 	C:\WINDOWS\System32\shcore.dll
0x00007ff87d820000 - 0x00007ff87df2d000 	C:\WINDOWS\System32\windows.storage.dll
0x00007ff87f9e0000 - 0x00007ff87fa31000 	C:\WINDOWS\System32\shlwapi.dll
0x00007ff87d680000 - 0x00007ff87d691000 	C:\WINDOWS\System32\kernel.appcore.dll
0x00007ff87d650000 - 0x00007ff87d66f000 	C:\WINDOWS\System32\profapi.dll
0x00007ff87d600000 - 0x00007ff87d64c000 	C:\WINDOWS\System32\powrprof.dll
0x00007ff87d670000 - 0x00007ff87d67a000 	C:\WINDOWS\System32\FLTLIB.DLL
0x00000000715a0000 - 0x00000000715a9000 	D:\Java\jdk1.8.0_77\jre\bin\dt_socket.dll
0x00007ff87ce60000 - 0x00007ff87cec6000 	C:\WINDOWS\system32\mswsock.dll
0x0000000071750000 - 0x000000007176a000 	D:\Java\jdk1.8.0_77\jre\bin\net.dll
0x0000000071610000 - 0x0000000071621000 	D:\Java\jdk1.8.0_77\jre\bin\nio.dll
0x0000000071590000 - 0x000000007159d000 	D:\Java\jdk1.8.0_77\jre\bin\management.dll

VM Arguments:
jvm_args: -agentlib:jdwp=transport=dt_socket,address=127.0.0.1:64449,suspend=y,server=n -ea -Didea.test.cyclic.buffer.size=1048576 -javaagent:D:\ideaIU-2018.1.1.win\lib\rt\debugger-agent.jar=file:/C:/Users/sunyk/AppData/Local/Temp/capture.props -Dfile.encoding=UTF-8 
java_command: com.intellij.rt.execution.junit.JUnitStarter -ideVersion5 -junit4 Test,test
java_class_path (initial): D:\ideaIU-2018.1.1.win\lib\idea_rt.jar;D:\ideaIU-2018.1.1.win\plugins\junit\lib\junit-rt.jar;D:\ideaIU-2018.1.1.win\plugins\junit\lib\junit5-rt.jar;D:\Java\jdk1.8.0_77\jre\lib\charsets.jar;D:\Java\jdk1.8.0_77\jre\lib\deploy.jar;D:\Java\jdk1.8.0_77\jre\lib\ext\access-bridge-64.jar;D:\Java\jdk1.8.0_77\jre\lib\ext\cldrdata.jar;D:\Java\jdk1.8.0_77\jre\lib\ext\dnsns.jar;D:\Java\jdk1.8.0_77\jre\lib\ext\jaccess.jar;D:\Java\jdk1.8.0_77\jre\lib\ext\jfxrt.jar;D:\Java\jdk1.8.0_77\jre\lib\ext\localedata.jar;D:\Java\jdk1.8.0_77\jre\lib\ext\nashorn.jar;D:\Java\jdk1.8.0_77\jre\lib\ext\sunec.jar;D:\Java\jdk1.8.0_77\jre\lib\ext\sunjce_provider.jar;D:\Java\jdk1.8.0_77\jre\lib\ext\sunmscapi.jar;D:\Java\jdk1.8.0_77\jre\lib\ext\sunpkcs11.jar;D:\Java\jdk1.8.0_77\jre\lib\ext\zipfs.jar;D:\Java\jdk1.8.0_77\jre\lib\javaws.jar;D:\Java\jdk1.8.0_77\jre\lib\jce.jar;D:\Java\jdk1.8.0_77\jre\lib\jfr.jar;D:\Java\jdk1.8.0_77\jre\lib\jfxswt.jar;D:\Java\jdk1.8.0_77\jre\lib\jsse.jar;D:\Java\jdk1.8.0_77\jre\lib\management-agent.jar;D:\Java\jdk1.8.0_77\jre\lib\plugin.jar;D:\Java\jdk1.8.0_77\jre\lib\resources.jar;D:\Java\jdk1.8.0_77\jre\lib\rt.jar;F:\github-sunyk\ecosphere-spring-orm\target\test-classes;F:\github-sunyk\ecosphere-spring-orm\target\classes;C:\Users\sunyk\.m2\repository\org\springframework\spring-core\5.0.2.RELEASE\spring-core-5.0.2.RELEASE.jar;C:\Users\sunyk\.m2\repository\org\springframework\spring-jcl\5.0.2.RELEASE\spring-jcl-5.0.2.RELEASE.jar;C:\Users\sunyk\.m2\repository\org\springframework\spring-beans\5.0.2.RELEASE\spring-beans-5.0.2.RELEASE.jar;C:\Users\sunyk\.m2\repository\org\springframework\spring-aop\5.0.2.RELEASE\spring-aop-5.0.2.RELEASE.jar;C:\Users\sunyk\.m2\repository\org\springframework\spring-context\5.0.2.RELEASE\spring-context-5.0.2.RELEASE.jar;C:\Users\sunyk\.m2\repository\org\springframework\spring-context-support\5.0.2.RELEASE\spring-context-support-5.0.2.RELEASE.jar;C:\Users\sunyk\.m2\repository\org\springframework\spring-expression\5.0.2.R
Launcher Type: SUN_STANDARD

Environment Variables:
CLASSPATH=.;%JAVA_HOME%\lib;%JAVA_HOME%\lib\tools.jar
PATH=C:\ProgramData\Oracle\Java\javapath;C:\Program Files (x86)\NVIDIA Corporation\PhysX\Common;C:\Program Files (x86)\Intel\iCLS Client\;C:\Program Files\Intel\iCLS Client\;C:\WINDOWS\system32;C:\WINDOWS;C:\WINDOWS\System32\Wbem;C:\WINDOWS\System32\WindowsPowerShell\v1.0\;C:\Program Files\Intel\Intel(R) Management Engine Components\DAL;C:\Program Files\Intel\Intel(R) Management Engine Components\IPT;C:\Program Files (x86)\Intel\Intel(R) Management Engine Components\DAL;C:\Program Files (x86)\Intel\Intel(R) Management Engine Components\IPT;C:\Program Files\Intel\WiFi\bin\;C:\Program Files\Common Files\Intel\WirelessCommon\;D:\Java\jdk1.8.0_77;C:\WINDOWS\System32\OpenSSH\;F:\Git\cmd;F:\apache-maven-3.3.9\bin\bin;F:\mysql-8.0.11-winx64\bin;C:\Users\sunyk\AppData\Local\Microsoft\WindowsApps;
USERNAME=sunyk
OS=Windows_NT
PROCESSOR_IDENTIFIER=Intel64 Family 6 Model 60 Stepping 3, GenuineIntel



---------------  S Y S T E M  ---------------

OS: Windows 10.0 , 64 bit Build 17134 (10.0.17134.1)

CPU:total 8 (4 cores per cpu, 2 threads per core) family 6 model 60 stepping 3, cmov, cx8, fxsr, mmx, sse, sse2, sse3, ssse3, sse4.1, sse4.2, popcnt, avx, avx2, aes, clmul, erms, lzcnt, ht, tsc, tscinvbit, bmi1, bmi2

Memory: 4k page, physical 16682720k(9433848k free), swap 30780244k(5624k free)

vm_info: Java HotSpot(TM) 64-Bit Server VM (25.77-b03) for windows-amd64 JRE (1.8.0_77-b03), built on Mar 20 2016 22:01:33 by "java_re" with MS VC++ 10.0 (VS2010)

time: Sat Jun 09 20:20:15 2018
elapsed time: 1 seconds (0d 0h 0m 1s)

